[LOG] System::create                           : Header version = 2.02.19. Current version = 2.02.19.
[LOG] Manager::init                            : maxchannels = 256 studioflags = 00000006 flags 00000000 extradriverdata 0000000000000000.
[LOG] SystemI::init                            : Initialize version=20219 (137979), maxchannels=256, flags=0x00020000
[LOG] SystemI::setOutputInternal               : Setting output to 'FMOD WASAPI Output'
[LOG] OutputWASAPI::init                       : Mix Format (WAVEFORMATEX): wFormatTag=0xFFFE, nChannels=2, nSamplesPerSec=48000, nAvgBytesPerSec=384000, nBlockAlign=8, wBitsPerSample=32, cbSize=22.
[LOG] OutputWASAPI::init                       : Mix Format (WAVEFORMATEXTENSIBLE): wValidBitsPerSample=32, dwChannelMask=0x00000003, SubFormat=00000003-0000-0010-8000-00AA00389B71.
[LOG] OutputWASAPI::init                       : Output buffer size: 4096 samples, latency: 0.00ms, period: 10.00ms, DSP buffer: 1024 * 4
[LOG] Thread::initThread                       : Init FMOD stream thread. Affinity: 0x4000000000000003, Priority: 0xFFFF7FFB, Stack Size: 98304, Semaphore: No, Sleep Time: 10, Looping: Yes.
[LOG] Thread::initThread                       : Init FMOD mixer thread. Affinity: 0x4000000000000001, Priority: 0xFFFF7FFA, Stack Size: 81920, Semaphore: No, Sleep Time: 0, Looping: Yes.
[LOG] AsyncManager::init                       : manager 000002B6C06F5558 isAsync 0 updatePeriod 0.02
[LOG] AsyncManager::init                       : done
[LOG] PlaybackSystem::init                     : 
[LOG] Thread::initThread                       : Init FMOD Studio sample load thread. Affinity: 0x4000000000000003, Priority: 0xFFFF7FFD, Stack Size: 98304, Semaphore: No, Sleep Time: 1, Looping: No.
[LOG] PlaybackSystem::init                     : done
[LOG] Thread::initThread                       : Init FMOD Studio bank load thread. Affinity: 0x4000000000000003, Priority: 0xFFFF7FFD, Stack Size: 98304, Semaphore: No, Sleep Time: 1, Looping: No.
[LOG] Manager::init                            : done.
[LOG] Manager::readBank                        : fileversion = 142, compatVersion = 140 (oldest = 44, newest = 142)
[LOG] Manager::readBank                        : fileversion = 142, compatVersion = 140 (oldest = 44, newest = 142)
[LOG] Manager::readBank                        : fileversion = 142, compatVersion = 140 (oldest = 44, newest = 142)
[LOG] PlaybackSystem::acquireMasterBus         : Setting master channel group format to 6
[LOG] Manager::readBank                        : fileversion = 142, compatVersion = 140 (oldest = 44, newest = 142)
[LOG] SoundI::release                          : Menu (000002B6CD7CC2C8)
[LOG] SoundI::release                          :     Menu (000002B8A1954A48)
[LOG] SoundI::release                          :     Menu (000002B6CD7CD1F8)
[LOG] SystemI::createSound                     : filename = Assets/FMODBanks/Desktop/Music.bank : mode 02010082
[LOG] SystemI::createSound                     : FMOD_NONBLOCKING specified.  Putting into queue to be opened asynchronously!
[LOG] AsyncThread::add                         : add sound to async queue : soundi = 000002B6C0B7C308, queue head = 000002B8ED1843D8, queue count = 0
[LOG] AsyncThread::threadFunc                  : Starting Asynchronous operation on sound 000002B6C0B7C308
[LOG] SystemI::createSoundInternal             :     Create name='Assets/FMODBanks/Desktop/Music.bank', mode=0x02010082
[LOG] SystemI::createSoundInternal             :     exinfo->cbsize             = 224
[LOG] SystemI::createSoundInternal             :     exinfo->length             = 3238528
[LOG] SystemI::createSoundInternal             :     exinfo->fileoffset         = 16544
[LOG] SystemI::createSoundInternal             :     exinfo->numsubsounds       = 1
[LOG] SystemI::createSoundInternal             :     exinfo->inclusionlist      = 000002B8A11CBA60
[LOG] SystemI::createSoundInternal             :     exinfo->inclusionlistnum   = 1
[LOG] SystemI::createSoundInternal             :     exinfo->suggestedsoundtype = 5
[LOG] SystemI::createSoundInternal             :     exinfo->initialseekpostype = 1
[LOG] SystemI::createSoundInternal             :     Stream 0/1: name='Base Level', format=5, channels=2, frequency=48000, lengthbytes=370944, lengthpcm=1681752, pcmblocksize=0, loopstart=0, loopend=0, mode=0x00000000, channelmask=0x00000000, channelorder=0, peakvolume=0.636261.
[LOG] AsyncThread::threadFunc                  : Finished Asynchronous operation on sound 000002B6C0B7C308
[LOG] AsyncThread::add                         : add sound to async queue : soundi = 000002B6C0B7BFA8, queue head = 000002B8ED1843D8, queue count = 0
[LOG] AsyncThread::threadFunc                  : Starting Asynchronous operation on sound 000002B6C0B7BFA8
[LOG] AsyncThread::threadFunc                  : Finished Asynchronous operation on sound 000002B6C0B7BFA8
[LOG] SoundI::release                          : Transition to Base (000002B6CD7CD048)
[LOG] SoundI::release                          :     Transition to Base (000002B89DD327C8)
[LOG] SoundI::release                          :     Transition to Base (000002B6CD7CD3A8)
[LOG] SystemI::createSound                     : filename = Assets/FMODBanks/Desktop/Music.bank : mode 02010082
[LOG] SystemI::createSound                     : FMOD_NONBLOCKING specified.  Putting into queue to be opened asynchronously!
[LOG] AsyncThread::add                         : add sound to async queue : soundi = 000002B6C8AD0698, queue head = 000002B8ED1843D8, queue count = 0
[LOG] AsyncThread::threadFunc                  : Starting Asynchronous operation on sound 000002B6C8AD0698
[LOG] SystemI::createSoundInternal             :     Create name='Assets/FMODBanks/Desktop/Music.bank', mode=0x02010082
[LOG] SystemI::createSoundInternal             :     exinfo->cbsize             = 224
[LOG] SystemI::createSoundInternal             :     exinfo->length             = 3238528
[LOG] SystemI::createSoundInternal             :     exinfo->fileoffset         = 16544
[LOG] SystemI::createSoundInternal             :     exinfo->numsubsounds       = 1
[LOG] SystemI::createSoundInternal             :     exinfo->inclusionlist      = 000002B8A11CB420
[LOG] SystemI::createSoundInternal             :     exinfo->inclusionlistnum   = 1
[LOG] SystemI::createSoundInternal             :     exinfo->suggestedsoundtype = 5
[LOG] SystemI::createSoundInternal             :     exinfo->initialseekpostype = 1
[LOG] SystemI::createSoundInternal             :     Stream 0/1: name='Low Score', format=5, channels=2, frequency=48000, lengthbytes=428896, lengthpcm=1681752, pcmblocksize=0, loopstart=0, loopend=0, mode=0x00000000, channelmask=0x00000000, channelorder=0, peakvolume=0.453400.
[LOG] AsyncThread::threadFunc                  : Finished Asynchronous operation on sound 000002B6C8AD0698
[LOG] AsyncThread::add                         : add sound to async queue : soundi = 000002B6C8ACD098, queue head = 000002B8ED1843D8, queue count = 0
[LOG] AsyncThread::threadFunc                  : Starting Asynchronous operation on sound 000002B6C8ACD098
[LOG] AsyncThread::threadFunc                  : Finished Asynchronous operation on sound 000002B6C8ACD098
[LOG] SoundI::release                          : Base Level (000002B6C0B7C308)
[LOG] SoundI::release                          :     Base Level (000002B89DD31AC8)
[LOG] SoundI::release                          :     Base Level (000002B6C0B7BFA8)
[LOG] SystemI::createSound                     : filename = Assets/FMODBanks/Desktop/Music.bank : mode 02010082
[LOG] SystemI::createSound                     : FMOD_NONBLOCKING specified.  Putting into queue to be opened asynchronously!
[LOG] AsyncThread::add                         : add sound to async queue : soundi = 000002B6C8ACF768, queue head = 000002B8ED1843D8, queue count = 0
[LOG] AsyncThread::threadFunc                  : Starting Asynchronous operation on sound 000002B6C8ACF768
[LOG] SystemI::createSoundInternal             :     Create name='Assets/FMODBanks/Desktop/Music.bank', mode=0x02010082
[LOG] SystemI::createSoundInternal             :     exinfo->cbsize             = 224
[LOG] SystemI::createSoundInternal             :     exinfo->length             = 3238528
[LOG] SystemI::createSoundInternal             :     exinfo->fileoffset         = 16544
[LOG] SystemI::createSoundInternal             :     exinfo->numsubsounds       = 1
[LOG] SystemI::createSoundInternal             :     exinfo->inclusionlist      = 000002B8A45E0F30
[LOG] SystemI::createSoundInternal             :     exinfo->inclusionlistnum   = 1
[LOG] SystemI::createSoundInternal             :     exinfo->suggestedsoundtype = 5
[LOG] SystemI::createSoundInternal             :     exinfo->initialseekpostype = 1
[LOG] SystemI::createSoundInternal             :     Stream 0/1: name='Near Death', format=5, channels=2, frequency=48000, lengthbytes=240704, lengthpcm=1009051, pcmblocksize=0, loopstart=0, loopend=0, mode=0x00000000, channelmask=0x00000000, channelorder=0, peakvolume=0.422699.
[LOG] AsyncThread::threadFunc                  : Finished Asynchronous operation on sound 000002B6C8ACF768
[LOG] AsyncThread::add                         : add sound to async queue : soundi = 000002B6C8ACE838, queue head = 000002B8ED1843D8, queue count = 0
[LOG] AsyncThread::threadFunc                  : Starting Asynchronous operation on sound 000002B6C8ACE838
[LOG] AsyncThread::threadFunc                  : Finished Asynchronous operation on sound 000002B6C8ACE838
[LOG] SoundI::release                          : Low Score (000002B6C8AD0698)
[LOG] SoundI::release                          :     Low Score (000002B6C8BF9088)
[LOG] SoundI::release                          :     Low Score (000002B6C8ACD098)
[LOG] SystemI::createSound                     : filename = Assets/FMODBanks/Desktop/Music.bank : mode 02010082
[LOG] SystemI::createSound                     : FMOD_NONBLOCKING specified.  Putting into queue to be opened asynchronously!
[LOG] AsyncThread::add                         : add sound to async queue : soundi = 000002B6C8ACFAC8, queue head = 000002B8ED1843D8, queue count = 0
[LOG] AsyncThread::threadFunc                  : Starting Asynchronous operation on sound 000002B6C8ACFAC8
[LOG] SystemI::createSoundInternal             :     Create name='Assets/FMODBanks/Desktop/Music.bank', mode=0x02010082
[LOG] SystemI::createSoundInternal             :     exinfo->cbsize             = 224
[LOG] SystemI::createSoundInternal             :     exinfo->length             = 3238528
[LOG] SystemI::createSoundInternal             :     exinfo->fileoffset         = 16544
[LOG] SystemI::createSoundInternal             :     exinfo->numsubsounds       = 1
[LOG] SystemI::createSoundInternal             :     exinfo->inclusionlist      = 000002B8AFDC7F30
[LOG] SystemI::createSoundInternal             :     exinfo->inclusionlistnum   = 1
[LOG] SystemI::createSoundInternal             :     exinfo->suggestedsoundtype = 5
[LOG] SystemI::createSoundInternal             :     exinfo->initialseekposition = 7007
[LOG] SystemI::createSoundInternal             :     exinfo->initialseekpostype = 1
[LOG] SystemI::createSoundInternal             :     Stream 0/1: name='Low Score', format=5, channels=2, frequency=48000, lengthbytes=428896, lengthpcm=1681752, pcmblocksize=0, loopstart=0, loopend=0, mode=0x00000000, channelmask=0x00000000, channelorder=0, peakvolume=0.453400.
[LOG] AsyncThread::threadFunc                  : Finished Asynchronous operation on sound 000002B6C8ACFAC8
[LOG] SoundI::release                          : Near Death (000002B6C8ACF768)
[LOG] SoundI::release                          :     Near Death (000002B6C8BF9568)
[LOG] SoundI::release                          :     Near Death (000002B6C8ACE838)
[LOG] SystemI::createSound                     : filename = Assets/FMODBanks/Desktop/Music.bank : mode 02010082
[LOG] SystemI::createSound                     : FMOD_NONBLOCKING specified.  Putting into queue to be opened asynchronously!
[LOG] AsyncThread::add                         : add sound to async queue : soundi = 000002B6C8ACD098, queue head = 000002B8ED1843D8, queue count = 0
[LOG] AsyncThread::threadFunc                  : Starting Asynchronous operation on sound 000002B6C8ACD098
[LOG] SystemI::createSoundInternal             :     Create name='Assets/FMODBanks/Desktop/Music.bank', mode=0x02010082
[LOG] SystemI::createSoundInternal             :     exinfo->cbsize             = 224
[LOG] SystemI::createSoundInternal             :     exinfo->length             = 3238528
[LOG] SystemI::createSoundInternal             :     exinfo->fileoffset         = 16544
[LOG] SystemI::createSoundInternal             :     exinfo->numsubsounds       = 1
[LOG] SystemI::createSoundInternal             :     exinfo->inclusionlist      = 000002B8AFDC7A30
[LOG] SystemI::createSoundInternal             :     exinfo->inclusionlistnum   = 1
[LOG] SystemI::createSoundInternal             :     exinfo->suggestedsoundtype = 5
[LOG] SystemI::createSoundInternal             :     exinfo->initialseekpostype = 1
[LOG] SystemI::createSoundInternal             :     Stream 0/1: name='Near Death', format=5, channels=2, frequency=48000, lengthbytes=240704, lengthpcm=1009051, pcmblocksize=0, loopstart=0, loopend=0, mode=0x00000000, channelmask=0x00000000, channelorder=0, peakvolume=0.422699.
[LOG] AsyncThread::threadFunc                  : Finished Asynchronous operation on sound 000002B6C8ACD098
[LOG] AsyncThread::add                         : add sound to async queue : soundi = 000002B6C8ACE838, queue head = 000002B8ED1843D8, queue count = 0
[LOG] AsyncThread::threadFunc                  : Starting Asynchronous operation on sound 000002B6C8ACE838
[LOG] AsyncThread::threadFunc                  : Finished Asynchronous operation on sound 000002B6C8ACE838
[LOG] SoundI::release                          : Low Score (000002B6C8ACFAC8)
[LOG] SoundI::release                          :     Low Score (000002B6C8BF9A48)
[LOG] SoundI::release                          :     Low Score (000002B6C8ACEEF8)
[LOG] SystemI::createSound                     : filename = Assets/FMODBanks/Desktop/Music.bank : mode 02010082
[LOG] SystemI::createSound                     : FMOD_NONBLOCKING specified.  Putting into queue to be opened asynchronously!
[LOG] AsyncThread::add                         : add sound to async queue : soundi = 000002B6C8ACD758, queue head = 000002B8ED1843D8, queue count = 0
[LOG] AsyncThread::threadFunc                  : Starting Asynchronous operation on sound 000002B6C8ACD758
[LOG] SystemI::createSoundInternal             :     Create name='Assets/FMODBanks/Desktop/Music.bank', mode=0x02010082
[LOG] SystemI::createSoundInternal             :     exinfo->cbsize             = 224
[LOG] SystemI::createSoundInternal             :     exinfo->length             = 3238528
[LOG] SystemI::createSoundInternal             :     exinfo->fileoffset         = 16544
[LOG] SystemI::createSoundInternal             :     exinfo->numsubsounds       = 1
[LOG] SystemI::createSoundInternal             :     exinfo->inclusionlist      = 000002B8A0CE9190
[LOG] SystemI::createSoundInternal             :     exinfo->inclusionlistnum   = 1
[LOG] SystemI::createSoundInternal             :     exinfo->suggestedsoundtype = 5
[LOG] SystemI::createSoundInternal             :     exinfo->initialseekpostype = 1
[LOG] SystemI::createSoundInternal             :     Stream 0/1: name='Game Over', format=5, channels=2, frequency=48000, lengthbytes=234848, lengthpcm=967007, pcmblocksize=0, loopstart=0, loopend=0, mode=0x00000000, channelmask=0x00000000, channelorder=0, peakvolume=0.243256.
[LOG] AsyncThread::threadFunc                  : Finished Asynchronous operation on sound 000002B6C8ACD758
[LOG] AsyncThread::add                         : add sound to async queue : soundi = 000002B6C8ACE9E8, queue head = 000002B8ED1843D8, queue count = 0
[LOG] AsyncThread::threadFunc                  : Starting Asynchronous operation on sound 000002B6C8ACE9E8
[LOG] AsyncThread::threadFunc                  : Finished Asynchronous operation on sound 000002B6C8ACE9E8
[LOG] SoundI::release                          : Near Death (000002B6C8ACD098)
[LOG] SoundI::release                          :     Near Death (000002B6C8BF9D88)
[LOG] SoundI::release                          :     Near Death (000002B6C8ACE838)
[LOG] SystemI::createSound                     : filename = Assets/FMODBanks/Desktop/Music.bank : mode 02010082
[LOG] SystemI::createSound                     : FMOD_NONBLOCKING specified.  Putting into queue to be opened asynchronously!
[LOG] AsyncThread::add                         : add sound to async queue : soundi = 000002B6C8ACE688, queue head = 000002B8ED1843D8, queue count = 0
[LOG] SystemI::createSound                     : filename = Assets/FMODBanks/Desktop/Music.bank : mode 02010082
[LOG] AsyncThread::threadFunc                  : Starting Asynchronous operation on sound 000002B6C8ACE688
[LOG] SystemI::createSound                     : FMOD_NONBLOCKING specified.  Putting into queue to be opened asynchronously!
[LOG] SystemI::createSoundInternal             :     Create name='Assets/FMODBanks/Desktop/Music.bank', mode=0x02010082
[LOG] AsyncThread::add                         :     add sound to async queue : soundi = 000002B6C8ACEB98, queue head = 000002B8ED1843D8, queue count = 0
[LOG] SystemI::createSoundInternal             :     exinfo->cbsize             = 224
[LOG] SystemI::createSoundInternal             :     exinfo->length             = 3238528
[LOG] SystemI::createSoundInternal             :     exinfo->fileoffset         = 16544
[LOG] SystemI::createSoundInternal             :     exinfo->numsubsounds       = 1
[LOG] SystemI::createSoundInternal             :     exinfo->inclusionlist      = 000002B8A691A900
[LOG] SystemI::createSoundInternal             :     exinfo->inclusionlistnum   = 1
[LOG] SystemI::createSoundInternal             :     exinfo->suggestedsoundtype = 5
[LOG] SystemI::createSoundInternal             :     exinfo->initialseekpostype = 1
[LOG] SystemI::createSoundInternal             :     Stream 0/1: name='Menu', format=5, channels=2, frequency=48000, lengthbytes=730112, lengthpcm=3027154, pcmblocksize=0, loopstart=0, loopend=0, mode=0x00000000, channelmask=0x00000000, channelorder=0, peakvolume=0.151611.
[LOG] AsyncThread::threadFunc                  : Finished Asynchronous operation on sound 000002B6C8ACE688
[LOG] AsyncThread::threadFunc                  : Starting Asynchronous operation on sound 000002B6C8ACEB98
[LOG] SystemI::createSoundInternal             :     Create name='Assets/FMODBanks/Desktop/Music.bank', mode=0x02010082
[LOG] SystemI::createSoundInternal             :     exinfo->cbsize             = 224
[LOG] SystemI::createSoundInternal             :     exinfo->length             = 3238528
[LOG] SystemI::createSoundInternal             :     exinfo->fileoffset         = 16544
[LOG] SystemI::createSoundInternal             :     exinfo->numsubsounds       = 1
[LOG] SystemI::createSoundInternal             :     exinfo->inclusionlist      = 000002B8A691AA40
[LOG] SystemI::createSoundInternal             :     exinfo->inclusionlistnum   = 1
[LOG] SystemI::createSoundInternal             :     exinfo->suggestedsoundtype = 5
[LOG] SystemI::createSoundInternal             :     exinfo->initialseekpostype = 1
[LOG] SystemI::createSoundInternal             :     Stream 0/1: name='Transition to Base', format=5, channels=2, frequency=48000, lengthbytes=119264, lengthpcm=504525, pcmblocksize=0, loopstart=0, loopend=0, mode=0x00000000, channelmask=0x00000000, channelorder=0, peakvolume=0.133148.
[LOG] AsyncThread::threadFunc                  : Finished Asynchronous operation on sound 000002B6C8ACEB98
[LOG] SoundI::release                          : Game Over (000002B6C8ACD758)
[LOG] SoundI::release                          :     Game Over (000002B6C0E508C8)
[LOG] SoundI::release                          :     Game Over (000002B6C8ACE9E8)
[LOG] SoundI::release                          : Menu (000002B6C8ACE688)
[LOG] SoundI::release                          :     Menu (000002B6C0E50C08)
[LOG] SoundI::release                          :     Menu (000002B6C8AD0698)
[LOG] AsyncThread::add                         : add sound to async queue : soundi = 000002B6C8ACD098, queue head = 000002B8ED1843D8, queue count = 0
[LOG] AsyncThread::threadFunc                  : Starting Asynchronous operation on sound 000002B6C8ACD098
[LOG] AsyncThread::threadFunc                  : Finished Asynchronous operation on sound 000002B6C8ACD098
[LOG] SoundI::release                          : Transition to Base (000002B6C8ACEB98)
[LOG] SoundI::release                          :     Transition to Base (000002B6C0E50248)
[LOG] SoundI::release                          :     Transition to Base (000002B6C8ACD098)
[LOG] SoundI::release                          :  (000002B9A439D8E8)
[LOG] SoundI::release                          :     MA_Studiobell_CrowdSounds_Version01 (000002B8A15992A8)
[LOG] SoundI::release                          :  (000002B9A439DA58)
[LOG] SoundI::release                          :     MA_Studiobell_CrowdSounds_Version02 (000002B8A66A3238)
[LOG] SoundI::release                          :  (000002B9A439E188)
[LOG] SoundI::release                          :     Step 2 (000002B8ED5CC408)
[LOG] SoundI::release                          :  (000002B9A439D498)
[LOG] SoundI::release                          :     Step 4 (000002B8E6216328)
[LOG] SoundI::release                          :  (000002B9A439D048)
[LOG] SoundI::release                          :     Step 5 (000002B8ED5CC0C8)
[LOG] SoundI::release                          :  (000002B9A439DBC8)
[LOG] SoundI::release                          :     Step 6 (000002B8AF909478)
[LOG] SoundI::release                          :  (000002B9A439D328)
[LOG] SoundI::release                          :     MA_WOWSound_Funny Fall 03v1 (000002B8A1599928)
[LOG] SoundI::release                          :  (000002B9A439F438)
[LOG] SoundI::release                          :     MA_SFXpecial_PowerfulBodyHits_1 (000002B8A66A3A58)
[LOG] SoundI::release                          :  (000002B9A439E018)
[LOG] SoundI::release                          :     MA_SFXpecial_PowerfulBodyHits_2 (000002B8A1598DC8)
[LOG] SoundI::release                          :  (000002B9A439E5D8)
[LOG] SoundI::release                          :     MA_8Bit Footsteps & Jump-003 (000002B8AF9097B8)
[LOG] SoundI::release                          :  (000002B9A439F888)
[LOG] SoundI::release                          :     Audience Laughing 1 (000002B8A66A3718)
[LOG] SoundI::release                          :  (000002B9A439CD68)
[LOG] SoundI::release                          :     Audience Laughing 2 (000002B8A15995E8)
[LOG] SoundI::release                          :  (000002B9A439E468)
[LOG] SoundI::release                          :     Audience Laughing 3 (000002B8A66A3BF8)
[LOG] SoundI::release                          :  (000002B9A439EFE8)
[LOG] SoundI::release                          :     Audience Laughing 4 (000002B8ED5CBF28)
[LOG] SoundI::release                          :  (000002B9A439D1B8)
[LOG] SoundI::release                          :     Glass Break Shatter 1 (000002B8A1599448)
[LOG] SoundI::release                          :  (000002B9A439C638)
[LOG] SoundI::release                          :     Glass Break Shatter 2 (000002B8E6216668)
[LOG] SoundI::release                          :  (000002B9A439D608)
[LOG] SoundI::release                          :     Glass Break Shatter 3 (000002B8ED5CC5A8)
[LOG] Thread::callback                         : FMOD Studio update thread finished.
[LOG] Thread::callback                         : FMOD Studio bank load thread finished.
[LOG] Profile::disconnectAll                   : Profiler disconnecting all clients
[LOG] Thread::callback                         : FMOD Studio sample load thread finished.
[LOG] LiveUpdate::release                      : 
[LOG] LiveUpdate::reset                        : Reset connection (reason Disconnected)
[LOG] Thread::callback                         : FMOD stream thread finished.
[LOG] Thread::callback                         : FMOD mixer thread finished.
[LOG] Profile::disconnectAll                   : Profiler disconnecting all clients
[LOG] SystemI::close                           : Closed.
[LOG] Thread::callback                         : FMOD Studio bank load thread finished.
[LOG] Thread::callback                         : FMOD Studio sample load thread finished.
[LOG] LiveUpdate::release                      : 
[LOG] LiveUpdate::reset                        : Reset connection (reason Disconnected)
[LOG] Thread::callback                         : FMOD stream thread finished.
[LOG] Thread::callback                         : FMOD mixer thread finished.
[LOG] SystemI::close                           : Closed.
[LOG] Thread::callback                         : FMOD nonblocking thread (0) finished.
[LOG] Thread::callback                         : FMOD file thread finished.
